# JRE version: OpenJDK Runtime Environment (7.0_75-b13) (build 1.7.0_75-b13)
# Java VM: OpenJDK 64-Bit Server VM (24.75-b04 mixed mode linux-amd64 compressed oops)
Heap
 PSYoungGen      total 306176K, used 200311K [0x00000000eaa80000, 0x00000000ffd00000, 0x0000000100000000)
  eden space 282624K, 62% used [0x00000000eaa80000,0x00000000f57368e8,0x00000000fbe80000)
  from space 23552K, 99% used [0x00000000fe600000,0x00000000ffce7580,0x00000000ffd00000)
  to   space 30208K, 0% used [0x00000000fc200000,0x00000000fc200000,0x00000000fdf80000)
 ParOldGen       total 76288K, used 54536K [0x00000000c0000000, 0x00000000c4a80000, 0x00000000eaa80000)
  object space 76288K, 71% used [0x00000000c0000000,0x00000000c3542120,0x00000000c4a80000)
 PSPermGen       total 101376K, used 81631K [0x00000000b0000000, 0x00000000b6300000, 0x00000000c0000000)
  object space 101376K, 80% used [0x00000000b0000000,0x00000000b4fb7f30,0x00000000b6300000)
GC Heap History (10 events):
Event: 3962.694 GC heap before
{Heap before GC invocations=22 (full 5):
 PSYoungGen      total 263168K, used 1056K [0x00000000eaa80000, 0x0000000100000000, 0x0000000100000000)
  eden space 240640K, 0% used [0x00000000eaa80000,0x00000000eaa80000,0x00000000f9580000)
  from space 22528K, 4% used [0x00000000f9580000,0x00000000f9688010,0x00000000fab80000)
  to   space 22528K, 0% used [0x00000000fea00000,0x00000000fea00000,0x0000000100000000)
 ParOldGen       total 76288K, used 48567K [0x00000000c0000000, 0x00000000c4a80000, 0x00000000eaa80000)
  object space 76288K, 63% used [0x00000000c0000000,0x00000000c2f6dc58,0x00000000c4a80000)
 PSPermGen       total 97792K, used 59469K [0x00000000b0000000, 0x00000000b5f80000, 0x00000000c0000000)
  object space 97792K, 60% used [0x00000000b0000000,0x00000000b3a137d8,0x00000000b5f80000)
Event: 3962.919 GC heap after
Heap after GC invocations=22 (full 5):
 PSYoungGen      total 263168K, used 0K [0x00000000eaa80000, 0x0000000100000000, 0x0000000100000000)
  eden space 240640K, 0% used [0x00000000eaa80000,0x00000000eaa80000,0x00000000f9580000)
  from space 22528K, 0% used [0x00000000f9580000,0x00000000f9580000,0x00000000fab80000)
  to   space 22528K, 0% used [0x00000000fea00000,0x00000000fea00000,0x0000000100000000)
 ParOldGen       total 76288K, used 36801K [0x00000000c0000000, 0x00000000c4a80000, 0x00000000eaa80000)
  object space 76288K, 48% used [0x00000000c0000000,0x00000000c23f0440,0x00000000c4a80000)
 PSPermGen       total 97792K, used 59409K [0x00000000b0000000, 0x00000000b5f80000, 0x00000000c0000000)
  object space 97792K, 60% used [0x00000000b0000000,0x00000000b3a04518,0x00000000b5f80000)
}
Event: 4446.882 GC heap before
{Heap before GC invocations=23 (full 5):
 PSYoungGen      total 263168K, used 240640K [0x00000000eaa80000, 0x0000000100000000, 0x0000000100000000)
  eden space 240640K, 100% used [0x00000000eaa80000,0x00000000f9580000,0x00000000f9580000)
  from space 22528K, 0% used [0x00000000f9580000,0x00000000f9580000,0x00000000fab80000)
  to   space 22528K, 0% used [0x00000000fea00000,0x00000000fea00000,0x0000000100000000)
 ParOldGen       total 76288K, used 36801K [0x00000000c0000000, 0x00000000c4a80000, 0x00000000eaa80000)
  object space 76288K, 48% used [0x00000000c0000000,0x00000000c23f0440,0x00000000c4a80000)
 PSPermGen       total 97792K, used 66403K [0x00000000b0000000, 0x00000000b5f80000, 0x00000000c0000000)
  object space 97792K, 67% used [0x00000000b0000000,0x00000000b40d8d50,0x00000000b5f80000)
Event: 4446.921 GC heap after
Heap after GC invocations=23 (full 5):
 PSYoungGen      total 318976K, used 22517K [0x00000000eaa80000, 0x0000000100000000, 0x0000000100000000)
  eden space 296448K, 0% used [0x00000000eaa80000,0x00000000eaa80000,0x00000000fcc00000)
  from space 22528K, 99% used [0x00000000fea00000,0x00000000ffffd758,0x0000000100000000)
  to   space 26624K, 0% used [0x00000000fcc00000,0x00000000fcc00000,0x00000000fe600000)
 ParOldGen       total 76288K, used 38406K [0x00000000c0000000, 0x00000000c4a80000, 0x00000000eaa80000)
  object space 76288K, 50% used [0x00000000c0000000,0x00000000c2581b78,0x00000000c4a80000)
 PSPermGen       total 97792K, used 66403K [0x00000000b0000000, 0x00000000b5f80000, 0x00000000c0000000)
  object space 97792K, 67% used [0x00000000b0000000,0x00000000b40d8d50,0x00000000b5f80000)
}
Event: 4447.910 GC heap before
{Heap before GC invocations=24 (full 5):
 PSYoungGen      total 318976K, used 56373K [0x00000000eaa80000, 0x0000000100000000, 0x0000000100000000)
  eden space 296448K, 11% used [0x00000000eaa80000,0x00000000ecb8fe60,0x00000000fcc00000)
  from space 22528K, 99% used [0x00000000fea00000,0x00000000ffffd758,0x0000000100000000)
  to   space 26624K, 0% used [0x00000000fcc00000,0x00000000fcc00000,0x00000000fe600000)
 ParOldGen       total 76288K, used 38406K [0x00000000c0000000, 0x00000000c4a80000, 0x00000000eaa80000)
  object space 76288K, 50% used [0x00000000c0000000,0x00000000c2581b78,0x00000000c4a80000)
 PSPermGen       total 97792K, used 67235K [0x00000000b0000000, 0x00000000b5f80000, 0x00000000c0000000)
  object space 97792K, 68% used [0x00000000b0000000,0x00000000b41a8d68,0x00000000b5f80000)
Event: 4447.930 GC heap after
Heap after GC invocations=24 (full 5):
 PSYoungGen      total 323072K, used 2698K [0x00000000eaa80000, 0x0000000100000000, 0x0000000100000000)
  eden space 296448K, 0% used [0x00000000eaa80000,0x00000000eaa80000,0x00000000fcc00000)
  from space 26624K, 10% used [0x00000000fcc00000,0x00000000fcea2a80,0x00000000fe600000)
  to   space 26624K, 0% used [0x00000000fe600000,0x00000000fe600000,0x0000000100000000)
 ParOldGen       total 76288K, used 55191K [0x00000000c0000000, 0x00000000c4a80000, 0x00000000eaa80000)
  object space 76288K, 72% used [0x00000000c0000000,0x00000000c35e5e20,0x00000000c4a80000)
 PSPermGen       total 97792K, used 67235K [0x00000000b0000000, 0x00000000b5f80000, 0x00000000c0000000)
  object space 97792K, 68% used [0x00000000b0000000,0x00000000b41a8d68,0x00000000b5f80000)
}
Event: 4447.930 GC heap before
{Heap before GC invocations=25 (full 6):
 PSYoungGen      total 323072K, used 2698K [0x00000000eaa80000, 0x0000000100000000, 0x0000000100000000)
  eden space 296448K, 0% used [0x00000000eaa80000,0x00000000eaa80000,0x00000000fcc00000)
  from space 26624K, 10% used [0x00000000fcc00000,0x00000000fcea2a80,0x00000000fe600000)
  to   space 26624K, 0% used [0x00000000fe600000,0x00000000fe600000,0x0000000100000000)
 ParOldGen       total 76288K, used 55191K [0x00000000c0000000, 0x00000000c4a80000, 0x00000000eaa80000)
  object space 76288K, 72% used [0x00000000c0000000,0x00000000c35e5e20,0x00000000c4a80000)
 PSPermGen       total 97792K, used 67235K [0x00000000b0000000, 0x00000000b5f80000, 0x00000000c0000000)
  object space 97792K, 68% used [0x00000000b0000000,0x00000000b41a8d68,0x00000000b5f80000)
Event: 4448.404 GC heap after
Heap after GC invocations=25 (full 6):
 PSYoungGen      total 323072K, used 0K [0x00000000eaa80000, 0x0000000100000000, 0x0000000100000000)
  eden space 296448K, 0% used [0x00000000eaa80000,0x00000000eaa80000,0x00000000fcc00000)
  from space 26624K, 0% used [0x00000000fcc00000,0x00000000fcc00000,0x00000000fe600000)
  to   space 26624K, 0% used [0x00000000fe600000,0x00000000fe600000,0x0000000100000000)
 ParOldGen       total 76288K, used 54536K [0x00000000c0000000, 0x00000000c4a80000, 0x00000000eaa80000)
  object space 76288K, 71% used [0x00000000c0000000,0x00000000c3542120,0x00000000c4a80000)
 PSPermGen       total 101376K, used 67195K [0x00000000b0000000, 0x00000000b6300000, 0x00000000c0000000)
  object space 101376K, 66% used [0x00000000b0000000,0x00000000b419ee70,0x00000000b6300000)
}
Event: 5456.458 GC heap before
{Heap before GC invocations=26 (full 6):
 PSYoungGen      total 323072K, used 296448K [0x00000000eaa80000, 0x0000000100000000, 0x0000000100000000)
  eden space 296448K, 100% used [0x00000000eaa80000,0x00000000fcc00000,0x00000000fcc00000)
  from space 26624K, 0% used [0x00000000fcc00000,0x00000000fcc00000,0x00000000fe600000)
  to   space 26624K, 0% used [0x00000000fe600000,0x00000000fe600000,0x0000000100000000)
 ParOldGen       total 76288K, used 54536K [0x00000000c0000000, 0x00000000c4a80000, 0x00000000eaa80000)
  object space 76288K, 71% used [0x00000000c0000000,0x00000000c3542120,0x00000000c4a80000)
 PSPermGen       total 101376K, used 74759K [0x00000000b0000000, 0x00000000b6300000, 0x00000000c0000000)
  object space 101376K, 73% used [0x00000000b0000000,0x00000000b4901cd0,0x00000000b6300000)
Event: 5456.496 GC heap after
Heap after GC invocations=26 (full 6):
 PSYoungGen      total 306176K, used 23453K [0x00000000eaa80000, 0x00000000ffd00000, 0x0000000100000000)
  eden space 282624K, 0% used [0x00000000eaa80000,0x00000000eaa80000,0x00000000fbe80000)
  from space 23552K, 99% used [0x00000000fe600000,0x00000000ffce7580,0x00000000ffd00000)
  to   space 30208K, 0% used [0x00000000fc200000,0x00000000fc200000,0x00000000fdf80000)
 ParOldGen       total 76288K, used 54536K [0x00000000c0000000, 0x00000000c4a80000, 0x00000000eaa80000)
  object space 76288K, 71% used [0x00000000c0000000,0x00000000c3542120,0x00000000c4a80000)
 PSPermGen       total 101376K, used 74759K [0x00000000b0000000, 0x00000000b6300000, 0x00000000c0000000)
  object space 101376K, 73% used [0x00000000b0000000,0x00000000b4901cd0,0x00000000b6300000)
}

