# JRE version: OpenJDK Runtime Environment (7.0_75-b13) (build 1.7.0_75-b13)
# Java VM: OpenJDK 64-Bit Server VM (24.75-b04 mixed mode linux-amd64 compressed oops)
Heap
 PSYoungGen      total 263168K, used 105896K [0x00000000eaa80000, 0x00000000fbb80000, 0x0000000100000000)
  eden space 247808K, 42% used [0x00000000eaa80000,0x00000000f11ea170,0x00000000f9c80000)
  from space 15360K, 0% used [0x00000000fac80000,0x00000000fac80000,0x00000000fbb80000)
  to   space 15872K, 0% used [0x00000000f9c80000,0x00000000f9c80000,0x00000000fac00000)
 ParOldGen       total 71168K, used 33835K [0x00000000c0000000, 0x00000000c4580000, 0x00000000eaa80000)
  object space 71168K, 47% used [0x00000000c0000000,0x00000000c210ae70,0x00000000c4580000)
 PSPermGen       total 90624K, used 44689K [0x00000000b0000000, 0x00000000b5880000, 0x00000000c0000000)
  object space 90624K, 49% used [0x00000000b0000000,0x00000000b2ba4448,0x00000000b5880000)
GC Heap History (10 events):
Event: 14.051 GC heap before
{Heap before GC invocations=14 (full 1):
 PSYoungGen      total 166912K, used 14118K [0x00000000eaa80000, 0x00000000fb900000, 0x0000000100000000)
  eden space 152576K, 0% used [0x00000000eaa80000,0x00000000eaa80000,0x00000000f3f80000)
  from space 14336K, 98% used [0x00000000f3f80000,0x00000000f4d49af0,0x00000000f4d80000)
  to   space 16384K, 0% used [0x00000000fa900000,0x00000000fa900000,0x00000000fb900000)
 ParOldGen       total 40448K, used 33689K [0x00000000c0000000, 0x00000000c2780000, 0x00000000eaa80000)
  object space 40448K, 83% used [0x00000000c0000000,0x00000000c20e65f0,0x00000000c2780000)
 PSPermGen       total 39424K, used 39288K [0x00000000b0000000, 0x00000000b2680000, 0x00000000c0000000)
  object space 39424K, 99% used [0x00000000b0000000,0x00000000b265e0f8,0x00000000b2680000)
Event: 14.345 GC heap after
Heap after GC invocations=14 (full 1):
 PSYoungGen      total 166912K, used 0K [0x00000000eaa80000, 0x00000000fb900000, 0x0000000100000000)
  eden space 152576K, 0% used [0x00000000eaa80000,0x00000000eaa80000,0x00000000f3f80000)
  from space 14336K, 0% used [0x00000000f3f80000,0x00000000f3f80000,0x00000000f4d80000)
  to   space 16384K, 0% used [0x00000000fa900000,0x00000000fa900000,0x00000000fb900000)
 ParOldGen       total 71168K, used 39259K [0x00000000c0000000, 0x00000000c4580000, 0x00000000eaa80000)
  object space 71168K, 55% used [0x00000000c0000000,0x00000000c2656d70,0x00000000c4580000)
 PSPermGen       total 78848K, used 39269K [0x00000000b0000000, 0x00000000b4d00000, 0x00000000c0000000)
  object space 78848K, 49% used [0x00000000b0000000,0x00000000b2659680,0x00000000b4d00000)
}
Event: 14.852 GC heap before
{Heap before GC invocations=15 (full 1):
 PSYoungGen      total 166912K, used 152576K [0x00000000eaa80000, 0x00000000fb900000, 0x0000000100000000)
  eden space 152576K, 100% used [0x00000000eaa80000,0x00000000f3f80000,0x00000000f3f80000)
  from space 14336K, 0% used [0x00000000f3f80000,0x00000000f3f80000,0x00000000f4d80000)
  to   space 16384K, 0% used [0x00000000fa900000,0x00000000fa900000,0x00000000fb900000)
 ParOldGen       total 71168K, used 39259K [0x00000000c0000000, 0x00000000c4580000, 0x00000000eaa80000)
  object space 71168K, 55% used [0x00000000c0000000,0x00000000c2656d70,0x00000000c4580000)
 PSPermGen       total 78848K, used 39276K [0x00000000b0000000, 0x00000000b4d00000, 0x00000000c0000000)
  object space 78848K, 49% used [0x00000000b0000000,0x00000000b265b1b0,0x00000000b4d00000)
Event: 14.856 GC heap after
Heap after GC invocations=15 (full 1):
 PSYoungGen      total 196608K, used 192K [0x00000000eaa80000, 0x00000000fa980000, 0x0000000100000000)
  eden space 196096K, 0% used [0x00000000eaa80000,0x00000000eaa80000,0x00000000f6a00000)
  from space 512K, 37% used [0x00000000fa900000,0x00000000fa930000,0x00000000fa980000)
  to   space 16384K, 0% used [0x00000000f8980000,0x00000000f8980000,0x00000000f9980000)
 ParOldGen       total 71168K, used 39259K [0x00000000c0000000, 0x00000000c4580000, 0x00000000eaa80000)
  object space 71168K, 55% used [0x00000000c0000000,0x00000000c2656d70,0x00000000c4580000)
 PSPermGen       total 78848K, used 39276K [0x00000000b0000000, 0x00000000b4d00000, 0x00000000c0000000)
  object space 78848K, 49% used [0x00000000b0000000,0x00000000b265b1b0,0x00000000b4d00000)
}
Event: 15.331 GC heap before
{Heap before GC invocations=16 (full 1):
 PSYoungGen      total 196608K, used 196288K [0x00000000eaa80000, 0x00000000fa980000, 0x0000000100000000)
  eden space 196096K, 100% used [0x00000000eaa80000,0x00000000f6a00000,0x00000000f6a00000)
  from space 512K, 37% used [0x00000000fa900000,0x00000000fa930000,0x00000000fa980000)
  to   space 16384K, 0% used [0x00000000f8980000,0x00000000f8980000,0x00000000f9980000)
 ParOldGen       total 71168K, used 39259K [0x00000000c0000000, 0x00000000c4580000, 0x00000000eaa80000)
  object space 71168K, 55% used [0x00000000c0000000,0x00000000c2656d70,0x00000000c4580000)
 PSPermGen       total 78848K, used 39278K [0x00000000b0000000, 0x00000000b4d00000, 0x00000000c0000000)
  object space 78848K, 49% used [0x00000000b0000000,0x00000000b265ba60,0x00000000b4d00000)
Event: 15.336 GC heap after
Heap after GC invocations=16 (full 1):
 PSYoungGen      total 244736K, used 224K [0x00000000eaa80000, 0x00000000fbc80000, 0x0000000100000000)
  eden space 228352K, 0% used [0x00000000eaa80000,0x00000000eaa80000,0x00000000f8980000)
  from space 16384K, 1% used [0x00000000f8980000,0x00000000f89b8000,0x00000000f9980000)
  to   space 16384K, 0% used [0x00000000fac80000,0x00000000fac80000,0x00000000fbc80000)
 ParOldGen       total 71168K, used 39259K [0x00000000c0000000, 0x00000000c4580000, 0x00000000eaa80000)
  object space 71168K, 55% used [0x00000000c0000000,0x00000000c2656d70,0x00000000c4580000)
 PSPermGen       total 78848K, used 39278K [0x00000000b0000000, 0x00000000b4d00000, 0x00000000c0000000)
  object space 78848K, 49% used [0x00000000b0000000,0x00000000b265ba60,0x00000000b4d00000)
}
Event: 17.764 GC heap before
{Heap before GC invocations=17 (full 1):
 PSYoungGen      total 244736K, used 125053K [0x00000000eaa80000, 0x00000000fbc80000, 0x0000000100000000)
  eden space 228352K, 54% used [0x00000000eaa80000,0x00000000f2467518,0x00000000f8980000)
  from space 16384K, 1% used [0x00000000f8980000,0x00000000f89b8000,0x00000000f9980000)
  to   space 16384K, 0% used [0x00000000fac80000,0x00000000fac80000,0x00000000fbc80000)
 ParOldGen       total 71168K, used 39259K [0x00000000c0000000, 0x00000000c4580000, 0x00000000eaa80000)
  object space 71168K, 55% used [0x00000000c0000000,0x00000000c2656d70,0x00000000c4580000)
 PSPermGen       total 78848K, used 41758K [0x00000000b0000000, 0x00000000b4d00000, 0x00000000c0000000)
  object space 78848K, 52% used [0x00000000b0000000,0x00000000b28c7bf0,0x00000000b4d00000)
Event: 17.774 GC heap after
Heap after GC invocations=17 (full 1):
 PSYoungGen      total 263168K, used 4843K [0x00000000eaa80000, 0x00000000fbb80000, 0x0000000100000000)
  eden space 247808K, 0% used [0x00000000eaa80000,0x00000000eaa80000,0x00000000f9c80000)
  from space 15360K, 31% used [0x00000000fac80000,0x00000000fb13ae08,0x00000000fbb80000)
  to   space 15872K, 0% used [0x00000000f9c80000,0x00000000f9c80000,0x00000000fac00000)
 ParOldGen       total 71168K, used 39259K [0x00000000c0000000, 0x00000000c4580000, 0x00000000eaa80000)
  object space 71168K, 55% used [0x00000000c0000000,0x00000000c2656d70,0x00000000c4580000)
 PSPermGen       total 78848K, used 41758K [0x00000000b0000000, 0x00000000b4d00000, 0x00000000c0000000)
  object space 78848K, 52% used [0x00000000b0000000,0x00000000b28c7bf0,0x00000000b4d00000)
}
Event: 17.774 GC heap before
{Heap before GC invocations=18 (full 2):
 PSYoungGen      total 263168K, used 4843K [0x00000000eaa80000, 0x00000000fbb80000, 0x0000000100000000)
  eden space 247808K, 0% used [0x00000000eaa80000,0x00000000eaa80000,0x00000000f9c80000)
  from space 15360K, 31% used [0x00000000fac80000,0x00000000fb13ae08,0x00000000fbb80000)
  to   space 15872K, 0% used [0x00000000f9c80000,0x00000000f9c80000,0x00000000fac00000)
 ParOldGen       total 71168K, used 39259K [0x00000000c0000000, 0x00000000c4580000, 0x00000000eaa80000)
  object space 71168K, 55% used [0x00000000c0000000,0x00000000c2656d70,0x00000000c4580000)
 PSPermGen       total 78848K, used 41758K [0x00000000b0000000, 0x00000000b4d00000, 0x00000000c0000000)
  object space 78848K, 52% used [0x00000000b0000000,0x00000000b28c7bf0,0x00000000b4d00000)
Event: 17.991 GC heap after
Heap after GC invocations=18 (full 2):
 PSYoungGen      total 263168K, used 0K [0x00000000eaa80000, 0x00000000fbb80000, 0x0000000100000000)
  eden space 247808K, 0% used [0x00000000eaa80000,0x00000000eaa80000,0x00000000f9c80000)
  from space 15360K, 0% used [0x00000000fac80000,0x00000000fac80000,0x00000000fbb80000)
  to   space 15872K, 0% used [0x00000000f9c80000,0x00000000f9c80000,0x00000000fac00000)
 ParOldGen       total 71168K, used 33835K [0x00000000c0000000, 0x00000000c4580000, 0x00000000eaa80000)
  object space 71168K, 47% used [0x00000000c0000000,0x00000000c210ae70,0x00000000c4580000)
 PSPermGen       total 90624K, used 41721K [0x00000000b0000000, 0x00000000b5880000, 0x00000000c0000000)
  object space 90624K, 46% used [0x00000000b0000000,0x00000000b28be7d0,0x00000000b5880000)
}

