# JRE version: OpenJDK Runtime Environment (7.0_75-b13) (build 1.7.0_75-b13)
# Java VM: OpenJDK 64-Bit Server VM (24.75-b04 mixed mode linux-amd64 compressed oops)
Heap
 PSYoungGen      total 208384K, used 53117K [0x00000000eaa80000, 0x00000000f8680000, 0x0000000100000000)
  eden space 192512K, 27% used [0x00000000eaa80000,0x00000000ede5f4e0,0x00000000f6680000)
  from space 15872K, 0% used [0x00000000f7700000,0x00000000f7700000,0x00000000f8680000)
  to   space 16384K, 0% used [0x00000000f6680000,0x00000000f6680000,0x00000000f7680000)
 ParOldGen       total 66048K, used 40377K [0x00000000c0000000, 0x00000000c4080000, 0x00000000eaa80000)
  object space 66048K, 61% used [0x00000000c0000000,0x00000000c276e578,0x00000000c4080000)
 PSPermGen       total 93184K, used 46454K [0x00000000b0000000, 0x00000000b5b00000, 0x00000000c0000000)
  object space 93184K, 49% used [0x00000000b0000000,0x00000000b2d5db78,0x00000000b5b00000)
GC Heap History (10 events):
Event: 24.129 GC heap before
{Heap before GC invocations=14 (full 0):
 PSYoungGen      total 84480K, used 83763K [0x00000000eaa80000, 0x00000000f3380000, 0x0000000100000000)
  eden space 76800K, 100% used [0x00000000eaa80000,0x00000000ef580000,0x00000000ef580000)
  from space 7680K, 90% used [0x00000000ef580000,0x00000000efc4cf70,0x00000000efd00000)
  to   space 8704K, 0% used [0x00000000f2b00000,0x00000000f2b00000,0x00000000f3380000)
 ParOldGen       total 40448K, used 15134K [0x00000000c0000000, 0x00000000c2780000, 0x00000000eaa80000)
  object space 40448K, 37% used [0x00000000c0000000,0x00000000c0ec78f8,0x00000000c2780000)
 PSPermGen       total 33280K, used 32968K [0x00000000b0000000, 0x00000000b2080000, 0x00000000c0000000)
  object space 33280K, 99% used [0x00000000b0000000,0x00000000b2032200,0x00000000b2080000)
Event: 24.153 GC heap after
Heap after GC invocations=14 (full 0):
 PSYoungGen      total 129024K, used 8701K [0x00000000eaa80000, 0x00000000f3880000, 0x0000000100000000)
  eden space 120320K, 0% used [0x00000000eaa80000,0x00000000eaa80000,0x00000000f2000000)
  from space 8704K, 99% used [0x00000000f2b00000,0x00000000f337f468,0x00000000f3380000)
  to   space 11264K, 0% used [0x00000000f2000000,0x00000000f2000000,0x00000000f2b00000)
 ParOldGen       total 40448K, used 18862K [0x00000000c0000000, 0x00000000c2780000, 0x00000000eaa80000)
  object space 40448K, 46% used [0x00000000c0000000,0x00000000c126ba90,0x00000000c2780000)
 PSPermGen       total 33280K, used 32968K [0x00000000b0000000, 0x00000000b2080000, 0x00000000c0000000)
  object space 33280K, 99% used [0x00000000b0000000,0x00000000b2032200,0x00000000b2080000)
}
Event: 31.098 GC heap before
{Heap before GC invocations=15 (full 0):
 PSYoungGen      total 129024K, used 129021K [0x00000000eaa80000, 0x00000000f3880000, 0x0000000100000000)
  eden space 120320K, 100% used [0x00000000eaa80000,0x00000000f2000000,0x00000000f2000000)
  from space 8704K, 99% used [0x00000000f2b00000,0x00000000f337f468,0x00000000f3380000)
  to   space 11264K, 0% used [0x00000000f2000000,0x00000000f2000000,0x00000000f2b00000)
 ParOldGen       total 40448K, used 18862K [0x00000000c0000000, 0x00000000c2780000, 0x00000000eaa80000)
  object space 40448K, 46% used [0x00000000c0000000,0x00000000c126ba90,0x00000000c2780000)
 PSPermGen       total 38912K, used 38580K [0x00000000b0000000, 0x00000000b2600000, 0x00000000c0000000)
  object space 38912K, 99% used [0x00000000b0000000,0x00000000b25ad368,0x00000000b2600000)
Event: 31.131 GC heap after
Heap after GC invocations=15 (full 0):
 PSYoungGen      total 131584K, used 11261K [0x00000000eaa80000, 0x00000000f8780000, 0x0000000100000000)
  eden space 120320K, 0% used [0x00000000eaa80000,0x00000000eaa80000,0x00000000f2000000)
  from space 11264K, 99% used [0x00000000f2000000,0x00000000f2aff5d0,0x00000000f2b00000)
  to   space 16896K, 0% used [0x00000000f7700000,0x00000000f7700000,0x00000000f8780000)
 ParOldGen       total 40448K, used 29167K [0x00000000c0000000, 0x00000000c2780000, 0x00000000eaa80000)
  object space 40448K, 72% used [0x00000000c0000000,0x00000000c1c7bce8,0x00000000c2780000)
 PSPermGen       total 38912K, used 38580K [0x00000000b0000000, 0x00000000b2600000, 0x00000000c0000000)
  object space 38912K, 99% used [0x00000000b0000000,0x00000000b25ad368,0x00000000b2600000)
}
Event: 34.120 GC heap before
{Heap before GC invocations=16 (full 0):
 PSYoungGen      total 131584K, used 59117K [0x00000000eaa80000, 0x00000000f8780000, 0x0000000100000000)
  eden space 120320K, 39% used [0x00000000eaa80000,0x00000000ed93c1f8,0x00000000f2000000)
  from space 11264K, 99% used [0x00000000f2000000,0x00000000f2aff5d0,0x00000000f2b00000)
  to   space 16896K, 0% used [0x00000000f7700000,0x00000000f7700000,0x00000000f8780000)
 ParOldGen       total 40448K, used 29167K [0x00000000c0000000, 0x00000000c2780000, 0x00000000eaa80000)
  object space 40448K, 72% used [0x00000000c0000000,0x00000000c1c7bce8,0x00000000c2780000)
 PSPermGen       total 39424K, used 39336K [0x00000000b0000000, 0x00000000b2680000, 0x00000000c0000000)
  object space 39424K, 99% used [0x00000000b0000000,0x00000000b266a220,0x00000000b2680000)
Event: 34.272 GC heap after
Heap after GC invocations=16 (full 0):
 PSYoungGen      total 208384K, used 4523K [0x00000000eaa80000, 0x00000000f8680000, 0x0000000100000000)
  eden space 192512K, 0% used [0x00000000eaa80000,0x00000000eaa80000,0x00000000f6680000)
  from space 15872K, 28% used [0x00000000f7700000,0x00000000f7b6aff0,0x00000000f8680000)
  to   space 16384K, 0% used [0x00000000f6680000,0x00000000f6680000,0x00000000f7680000)
 ParOldGen       total 40448K, used 39802K [0x00000000c0000000, 0x00000000c2780000, 0x00000000eaa80000)
  object space 40448K, 98% used [0x00000000c0000000,0x00000000c26de848,0x00000000c2780000)
 PSPermGen       total 39424K, used 39336K [0x00000000b0000000, 0x00000000b2680000, 0x00000000c0000000)
  object space 39424K, 99% used [0x00000000b0000000,0x00000000b266a220,0x00000000b2680000)
}
Event: 34.272 GC heap before
{Heap before GC invocations=17 (full 1):
 PSYoungGen      total 208384K, used 4523K [0x00000000eaa80000, 0x00000000f8680000, 0x0000000100000000)
  eden space 192512K, 0% used [0x00000000eaa80000,0x00000000eaa80000,0x00000000f6680000)
  from space 15872K, 28% used [0x00000000f7700000,0x00000000f7b6aff0,0x00000000f8680000)
  to   space 16384K, 0% used [0x00000000f6680000,0x00000000f6680000,0x00000000f7680000)
 ParOldGen       total 40448K, used 39802K [0x00000000c0000000, 0x00000000c2780000, 0x00000000eaa80000)
  object space 40448K, 98% used [0x00000000c0000000,0x00000000c26de848,0x00000000c2780000)
 PSPermGen       total 39424K, used 39336K [0x00000000b0000000, 0x00000000b2680000, 0x00000000c0000000)
  object space 39424K, 99% used [0x00000000b0000000,0x00000000b266a220,0x00000000b2680000)
Event: 34.990 GC heap after
Heap after GC invocations=17 (full 1):
 PSYoungGen      total 208384K, used 0K [0x00000000eaa80000, 0x00000000f8680000, 0x0000000100000000)
  eden space 192512K, 0% used [0x00000000eaa80000,0x00000000eaa80000,0x00000000f6680000)
  from space 15872K, 0% used [0x00000000f7700000,0x00000000f7700000,0x00000000f8680000)
  to   space 16384K, 0% used [0x00000000f6680000,0x00000000f6680000,0x00000000f7680000)
 ParOldGen       total 40448K, used 34666K [0x00000000c0000000, 0x00000000c2780000, 0x00000000eaa80000)
  object space 40448K, 85% used [0x00000000c0000000,0x00000000c21dab78,0x00000000c2780000)
 PSPermGen       total 78848K, used 39282K [0x00000000b0000000, 0x00000000b4d00000, 0x00000000c0000000)
  object space 78848K, 49% used [0x00000000b0000000,0x00000000b265c890,0x00000000b4d00000)
}
Event: 1448.364 GC heap before
{Heap before GC invocations=18 (full 2):
 PSYoungGen      total 208384K, used 192512K [0x00000000eaa80000, 0x00000000f8680000, 0x0000000100000000)
  eden space 192512K, 100% used [0x00000000eaa80000,0x00000000f6680000,0x00000000f6680000)
  from space 15872K, 0% used [0x00000000f7700000,0x00000000f7700000,0x00000000f8680000)
  to   space 16384K, 0% used [0x00000000f6680000,0x00000000f6680000,0x00000000f7680000)
 ParOldGen       total 40448K, used 34666K [0x00000000c0000000, 0x00000000c2780000, 0x00000000eaa80000)
  object space 40448K, 85% used [0x00000000c0000000,0x00000000c21dab78,0x00000000c2780000)
 PSPermGen       total 78848K, used 45137K [0x00000000b0000000, 0x00000000b4d00000, 0x00000000c0000000)
  object space 78848K, 57% used [0x00000000b0000000,0x00000000b2c14618,0x00000000b4d00000)
Event: 1448.691 GC heap after
Heap after GC invocations=18 (full 2):
 PSYoungGen      total 208384K, used 7899K [0x00000000eaa80000, 0x00000000f8680000, 0x0000000100000000)
  eden space 192512K, 4% used [0x00000000eaa80000,0x00000000eb236ce8,0x00000000f6680000)
  from space 15872K, 0% used [0x00000000f7700000,0x00000000f7700000,0x00000000f8680000)
  to   space 16384K, 0% used [0x00000000f6680000,0x00000000f6680000,0x00000000f7680000)
 ParOldGen       total 66048K, used 40377K [0x00000000c0000000, 0x00000000c4080000, 0x00000000eaa80000)
  object space 66048K, 61% used [0x00000000c0000000,0x00000000c276e578,0x00000000c4080000)
 PSPermGen       total 93184K, used 45133K [0x00000000b0000000, 0x00000000b5b00000, 0x00000000c0000000)
  object space 93184K, 48% used [0x00000000b0000000,0x00000000b2c13500,0x00000000b5b00000)
}

