# JRE version: OpenJDK Runtime Environment (7.0_75-b13) (build 1.7.0_75-b13)
# Java VM: OpenJDK 64-Bit Server VM (24.75-b04 mixed mode linux-amd64 compressed oops)
Heap
 PSYoungGen      total 297472K, used 191530K [0x00000000eaa80000, 0x00000000ffd80000, 0x0000000100000000)
  eden space 252928K, 65% used [0x00000000eaa80000,0x00000000f4d623b8,0x00000000fa180000)
  from space 44544K, 55% used [0x00000000fd200000,0x00000000fea284b8,0x00000000ffd80000)
  to   space 47104K, 0% used [0x00000000fa180000,0x00000000fa180000,0x00000000fcf80000)
 ParOldGen       total 160256K, used 110542K [0x00000000c0000000, 0x00000000c9c80000, 0x00000000eaa80000)
  object space 160256K, 68% used [0x00000000c0000000,0x00000000c6bf3958,0x00000000c9c80000)
 PSPermGen       total 129536K, used 108284K [0x00000000b0000000, 0x00000000b7e80000, 0x00000000c0000000)
  object space 129536K, 83% used [0x00000000b0000000,0x00000000b69bf250,0x00000000b7e80000)
GC Heap History (10 events):
Event: 1275.936 GC heap before
{Heap before GC invocations=20 (full 6):
 PSYoungGen      total 322048K, used 322031K [0x00000000eaa80000, 0x0000000100000000, 0x0000000100000000)
  eden space 294400K, 100% used [0x00000000eaa80000,0x00000000fca00000,0x00000000fca00000)
  from space 27648K, 99% used [0x00000000fca00000,0x00000000fe4fbe38,0x00000000fe500000)
  to   space 27648K, 0% used [0x00000000fe500000,0x00000000fe500000,0x0000000100000000)
 ParOldGen       total 104448K, used 77612K [0x00000000c0000000, 0x00000000c6600000, 0x00000000eaa80000)
  object space 104448K, 74% used [0x00000000c0000000,0x00000000c4bcb078,0x00000000c6600000)
 PSPermGen       total 109568K, used 92504K [0x00000000b0000000, 0x00000000b6b00000, 0x00000000c0000000)
  object space 109568K, 84% used [0x00000000b0000000,0x00000000b5a56328,0x00000000b6b00000)
Event: 1275.985 GC heap after
Heap after GC invocations=20 (full 6):
 PSYoungGen      total 278016K, used 27632K [0x00000000eaa80000, 0x0000000100000000, 0x0000000100000000)
  eden space 250368K, 0% used [0x00000000eaa80000,0x00000000eaa80000,0x00000000f9f00000)
  from space 27648K, 99% used [0x00000000fe500000,0x00000000ffffc118,0x0000000100000000)
  to   space 49664K, 0% used [0x00000000f9f00000,0x00000000f9f00000,0x00000000fcf80000)
 ParOldGen       total 105472K, used 104844K [0x00000000c0000000, 0x00000000c6700000, 0x00000000eaa80000)
  object space 105472K, 99% used [0x00000000c0000000,0x00000000c66630c0,0x00000000c6700000)
 PSPermGen       total 109568K, used 92504K [0x00000000b0000000, 0x00000000b6b00000, 0x00000000c0000000)
  object space 109568K, 84% used [0x00000000b0000000,0x00000000b5a56328,0x00000000b6b00000)
}
Event: 1275.985 GC heap before
{Heap before GC invocations=21 (full 7):
 PSYoungGen      total 278016K, used 27632K [0x00000000eaa80000, 0x0000000100000000, 0x0000000100000000)
  eden space 250368K, 0% used [0x00000000eaa80000,0x00000000eaa80000,0x00000000f9f00000)
  from space 27648K, 99% used [0x00000000fe500000,0x00000000ffffc118,0x0000000100000000)
  to   space 49664K, 0% used [0x00000000f9f00000,0x00000000f9f00000,0x00000000fcf80000)
 ParOldGen       total 105472K, used 104844K [0x00000000c0000000, 0x00000000c6700000, 0x00000000eaa80000)
  object space 105472K, 99% used [0x00000000c0000000,0x00000000c66630c0,0x00000000c6700000)
 PSPermGen       total 109568K, used 92504K [0x00000000b0000000, 0x00000000b6b00000, 0x00000000c0000000)
  object space 109568K, 84% used [0x00000000b0000000,0x00000000b5a56328,0x00000000b6b00000)
Event: 1276.522 GC heap after
Heap after GC invocations=21 (full 7):
 PSYoungGen      total 278016K, used 1409K [0x00000000eaa80000, 0x0000000100000000, 0x0000000100000000)
  eden space 250368K, 0% used [0x00000000eaa80000,0x00000000eaa80000,0x00000000f9f00000)
  from space 27648K, 5% used [0x00000000fe500000,0x00000000fe660728,0x0000000100000000)
  to   space 49664K, 0% used [0x00000000f9f00000,0x00000000f9f00000,0x00000000fcf80000)
 ParOldGen       total 160256K, used 105005K [0x00000000c0000000, 0x00000000c9c80000, 0x00000000eaa80000)
  object space 160256K, 65% used [0x00000000c0000000,0x00000000c668b4e8,0x00000000c9c80000)
 PSPermGen       total 127488K, used 91981K [0x00000000b0000000, 0x00000000b7c80000, 0x00000000c0000000)
  object space 127488K, 72% used [0x00000000b0000000,0x00000000b59d36b8,0x00000000b7c80000)
}
Event: 1279.166 GC heap before
{Heap before GC invocations=22 (full 7):
 PSYoungGen      total 278016K, used 144448K [0x00000000eaa80000, 0x0000000100000000, 0x0000000100000000)
  eden space 250368K, 57% used [0x00000000eaa80000,0x00000000f362f948,0x00000000f9f00000)
  from space 27648K, 5% used [0x00000000fe500000,0x00000000fe660728,0x0000000100000000)
  to   space 49664K, 0% used [0x00000000f9f00000,0x00000000f9f00000,0x00000000fcf80000)
 ParOldGen       total 160256K, used 105005K [0x00000000c0000000, 0x00000000c9c80000, 0x00000000eaa80000)
  object space 160256K, 65% used [0x00000000c0000000,0x00000000c668b4e8,0x00000000c9c80000)
 PSPermGen       total 127488K, used 95822K [0x00000000b0000000, 0x00000000b7c80000, 0x00000000c0000000)
  object space 127488K, 75% used [0x00000000b0000000,0x00000000b5d93808,0x00000000b7c80000)
Event: 1279.212 GC heap after
Heap after GC invocations=22 (full 7):
 PSYoungGen      total 300032K, used 13304K [0x00000000eaa80000, 0x0000000100000000, 0x0000000100000000)
  eden space 250368K, 0% used [0x00000000eaa80000,0x00000000eaa80000,0x00000000f9f00000)
  from space 49664K, 26% used [0x00000000f9f00000,0x00000000fabfe1f0,0x00000000fcf80000)
  to   space 47104K, 0% used [0x00000000fd200000,0x00000000fd200000,0x0000000100000000)
 ParOldGen       total 160256K, used 106522K [0x00000000c0000000, 0x00000000c9c80000, 0x00000000eaa80000)
  object space 160256K, 66% used [0x00000000c0000000,0x00000000c68069e0,0x00000000c9c80000)
 PSPermGen       total 127488K, used 95822K [0x00000000b0000000, 0x00000000b7c80000, 0x00000000c0000000)
  object space 127488K, 75% used [0x00000000b0000000,0x00000000b5d93808,0x00000000b7c80000)
}
Event: 1279.212 GC heap before
{Heap before GC invocations=23 (full 8):
 PSYoungGen      total 300032K, used 13304K [0x00000000eaa80000, 0x0000000100000000, 0x0000000100000000)
  eden space 250368K, 0% used [0x00000000eaa80000,0x00000000eaa80000,0x00000000f9f00000)
  from space 49664K, 26% used [0x00000000f9f00000,0x00000000fabfe1f0,0x00000000fcf80000)
  to   space 47104K, 0% used [0x00000000fd200000,0x00000000fd200000,0x0000000100000000)
 ParOldGen       total 160256K, used 106522K [0x00000000c0000000, 0x00000000c9c80000, 0x00000000eaa80000)
  object space 160256K, 66% used [0x00000000c0000000,0x00000000c68069e0,0x00000000c9c80000)
 PSPermGen       total 127488K, used 95822K [0x00000000b0000000, 0x00000000b7c80000, 0x00000000c0000000)
  object space 127488K, 75% used [0x00000000b0000000,0x00000000b5d93808,0x00000000b7c80000)
Event: 1279.815 GC heap after
Heap after GC invocations=23 (full 8):
 PSYoungGen      total 300032K, used 0K [0x00000000eaa80000, 0x0000000100000000, 0x0000000100000000)
  eden space 250368K, 0% used [0x00000000eaa80000,0x00000000eaa80000,0x00000000f9f00000)
  from space 49664K, 0% used [0x00000000f9f00000,0x00000000f9f00000,0x00000000fcf80000)
  to   space 47104K, 0% used [0x00000000fd200000,0x00000000fd200000,0x0000000100000000)
 ParOldGen       total 160256K, used 110542K [0x00000000c0000000, 0x00000000c9c80000, 0x00000000eaa80000)
  object space 160256K, 68% used [0x00000000c0000000,0x00000000c6bf3958,0x00000000c9c80000)
 PSPermGen       total 129536K, used 95783K [0x00000000b0000000, 0x00000000b7e80000, 0x00000000c0000000)
  object space 129536K, 73% used [0x00000000b0000000,0x00000000b5d89cd8,0x00000000b7e80000)
}
Event: 1377.114 GC heap before
{Heap before GC invocations=24 (full 8):
 PSYoungGen      total 300032K, used 250368K [0x00000000eaa80000, 0x0000000100000000, 0x0000000100000000)
  eden space 250368K, 100% used [0x00000000eaa80000,0x00000000f9f00000,0x00000000f9f00000)
  from space 49664K, 0% used [0x00000000f9f00000,0x00000000f9f00000,0x00000000fcf80000)
  to   space 47104K, 0% used [0x00000000fd200000,0x00000000fd200000,0x0000000100000000)
 ParOldGen       total 160256K, used 110542K [0x00000000c0000000, 0x00000000c9c80000, 0x00000000eaa80000)
  object space 160256K, 68% used [0x00000000c0000000,0x00000000c6bf3958,0x00000000c9c80000)
 PSPermGen       total 129536K, used 103016K [0x00000000b0000000, 0x00000000b7e80000, 0x00000000c0000000)
  object space 129536K, 79% used [0x00000000b0000000,0x00000000b649a328,0x00000000b7e80000)
Event: 1377.157 GC heap after
Heap after GC invocations=24 (full 8):
 PSYoungGen      total 297472K, used 24737K [0x00000000eaa80000, 0x00000000ffd80000, 0x0000000100000000)
  eden space 252928K, 0% used [0x00000000eaa80000,0x00000000eaa80000,0x00000000fa180000)
  from space 44544K, 55% used [0x00000000fd200000,0x00000000fea284b8,0x00000000ffd80000)
  to   space 47104K, 0% used [0x00000000fa180000,0x00000000fa180000,0x00000000fcf80000)
 ParOldGen       total 160256K, used 110542K [0x00000000c0000000, 0x00000000c9c80000, 0x00000000eaa80000)
  object space 160256K, 68% used [0x00000000c0000000,0x00000000c6bf3958,0x00000000c9c80000)
 PSPermGen       total 129536K, used 103016K [0x00000000b0000000, 0x00000000b7e80000, 0x00000000c0000000)
  object space 129536K, 79% used [0x00000000b0000000,0x00000000b649a328,0x00000000b7e80000)
}

